
Connected to: Oracle Database 10g Express Edition Release 10.2.0.1.0 - Production

Export file created by EXPORT:V10.02.01 via conventional path
import done in WE8MSWIN1252 character set and AL16UTF16 NCHAR character set
. importing EP's objects into EP_DEV
. . importing table               "BG_MS_ANGGARAN"
...........................................................................
...........................................................................
................................................................
                                                       214174 rows imported
. . importing table                 "EP_ALURKERJA"
                                                            5 rows imported
. . importing table       "EP_ALURKERJA_AKTIFITAS"
                                                          101 rows imported
. . importing table       "EP_ALURKERJA_ANTARMUKA"
                                                           72 rows imported
. . importing table         "EP_ALURKERJA_JABATAN"
                                                           74 rows imported
. . importing table        "EP_ALURKERJA_TRANSISI"
                                                          161 rows imported
. . importing table "EP_ALURKERJA_TRANSISI_EKSEKUSI"
                                                           37 rows imported
. . importing table "EP_ALURKERJA_TRANSISI_EKSEPSI"
                                                           44 rows imported
. . importing table             "EP_KOM_AKTIFITAS"
                                                            1 rows imported
. . importing table          "EP_KOM_HARGA_BARANG"
                                                           22 rows imported
. . importing table            "EP_KOM_HARGA_JASA"
                                                           60 rows imported
. . importing table                  "EP_KOM_JASA"
                                                           41 rows imported
. . importing table         "EP_KOM_KELOMPOK_JASA"
                                                           56 rows imported
. . importing table              "EP_KOM_KOMENTAR"
                                                           91 rows imported
. . importing table                "EP_KOM_RESPON"
                                                            2 rows imported
. . importing table          "EP_KOM_SUMBER_HARGA"
                                                            3 rows imported
. . importing table               "EP_KTR_INVOICE"
                                                            8 rows imported
. . importing table           "EP_KTR_INVOICE_DOK"
                                                            4 rows imported
. . importing table          "EP_KTR_INVOICE_ITEM"
                                                            6 rows imported
. . importing table      "EP_KTR_INVOICE_KOMENTAR"
                                                            0 rows imported
. . importing table       "EP_KTR_JANGKA_KOMENTAR"
                                                            0 rows imported
. . importing table        "EP_KTR_JANGKA_KONTRAK"
                                                           22 rows imported
. . importing table   "EP_KTR_JANGKA_PERKEMBANGAN"
                                                           20 rows imported
. . importing table               "EP_KTR_KONTRAK"
                                                           23 rows imported
. . importing table           "EP_KTR_KONTRAK_DOK"
                                                            3 rows imported
. . importing table          "EP_KTR_KONTRAK_ITEM"
                                                           74 rows imported
. . importing table   "EP_KTR_KONTRAK_JAMINAN_PEL"
                                                            0 rows imported
. . importing table      "EP_KTR_KONTRAK_KOMENTAR"
                                                            0 rows imported
. . importing table   "EP_KTR_KONTRAK_PEMERIKSAAN"
                                                            0 rows imported
. . importing table     "EP_KTR_KONTRAK_PENUTUPAN"
                                                            0 rows imported
. . importing table             "EP_KTR_PERUBAHAN"
                                                            1 rows imported
. . importing table        "EP_KTR_PERUBAHAN_ITEM"
                                                            1 rows imported
. . importing table "EP_KTR_PERUBAHAN_JAMINAN_PEL"
                                                            0 rows imported
. . importing table      "EP_KTR_PERUBAHAN_JANGKA"
                                                            2 rows imported
. . importing table    "EP_KTR_PERUBAHAN_KOMENTAR"
                                                            0 rows imported
. . importing table      "EP_KTR_PERUBAHAN_TERMIN"
                                                            0 rows imported
. . importing table                    "EP_KTR_PO"
                                                           20 rows imported
. . importing table               "EP_KTR_PO_ITEM"
                                                           31 rows imported
. . importing table  "EP_KTR_PO_ITEM_PERKEMBANGAN"
                                                           16 rows imported
. . importing table           "EP_KTR_PO_KOMENTAR"
                                                            0 rows imported
. . importing table       "EP_KTR_PO_PERKEMBANGAN"
                                                            9 rows imported
. . importing table       "EP_KTR_TERMIN_KOMENTAR"
                                                            0 rows imported
. . importing table        "EP_KTR_TERMIN_KONTRAK"
                                                            0 rows imported
. . importing table   "EP_KTR_TERMIN_PERKEMBANGAN"
                                                            0 rows imported
. . importing table        "EP_MS_ANGGOTA_PANITIA"
                                                           20 rows imported
. . importing table       "EP_MS_KELOMPOK_PANITIA"
                                                           16 rows imported
. . importing table         "EP_MS_MATA_UANG_KURS"
                                                            1 rows imported
. . importing table                   "EP_MS_MENU"
                                                          101 rows imported
. . importing table           "EP_MS_MENU_JABATAN"
                                                          303 rows imported
. . importing table              "EP_MS_OTORISASI"
                                                          135 rows imported
. . importing table                 "EP_NOMORURUT"
                                                           42 rows imported
. . importing table               "EP_PGD_DOKUMEN"
                                                           24 rows imported
. . importing table      "EP_PGD_DOKUMEN_KATEGORI"
                                                            7 rows imported
. . importing table        "EP_PGD_EVALUASI_MODEL"
                                                            1 rows imported
. . importing table "EP_PGD_EVALUASI_MODEL_DETAIL"
                                                            3 rows imported
. . importing table         "EP_PGD_EVALUASI_TIPE"
                                                            3 rows imported
. . importing table   "EP_PGD_HIST_ITEM_PENAWARAN"
                                                           10 rows imported
. . importing table        "EP_PGD_HIST_PENAWARAN"
                                                            8 rows imported
. . importing table        "EP_PGD_ITEM_PENAWARAN"
                                                           16 rows imported
. . importing table           "EP_PGD_ITEM_TENDER"
                                                           84 rows imported
. . importing table     "EP_PGD_KOMENTAR_EVALUASI"
                                                            8 rows imported
. . importing table       "EP_PGD_KOMENTAR_TENDER"
                                                          134 rows imported
. . importing table                "EP_PGD_METODE"
                                                            3 rows imported
. . importing table         "EP_PGD_METODE_SAMPUL"
                                                            6 rows imported
. . importing table             "EP_PGD_PENAWARAN"
                                                            9 rows imported
. . importing table      "EP_PGD_PENAWARAN_TEKNIS"
                                                           24 rows imported
. . importing table           "EP_PGD_PERENCANAAN"
                                                           41 rows imported
. . importing table  "EP_PGD_PERENCANAAN_ANGGARAN"
                                                           31 rows imported
. . importing table      "EP_PGD_PERSIAPAN_TENDER"
                                                            6 rows imported
. . importing table          "EP_PGD_PESAN_TENDER"
                                                           21 rows imported
. . importing table                "EP_PGD_SAMPUL"
                                                            3 rows imported
. . importing table                "EP_PGD_STATUS"
                                                           25 rows imported
. . importing table                "EP_PGD_TENDER"
                                                           83 rows imported
. . importing table       "EP_PGD_TENDER_EVALUASI"
                                                            7 rows imported
. . importing table    "EP_PGD_TENDER_KLASIFIKASI"
                                                           17 rows imported
. . importing table         "EP_PGD_TENDER_VENDOR"
                                                            9 rows imported
. . importing table  "EP_PGD_TENDER_VENDOR_STATUS"
                                                            8 rows imported
. . importing table                    "EP_VENDOR"
                                                           45 rows imported
. . importing table               "EP_VENDOR_AGEN"
                                                           18 rows imported
. . importing table               "EP_VENDOR_AKTA"
                                                           50 rows imported
. . importing table             "EP_VENDOR_ALAMAT"
                                                           20 rows imported
. . importing table               "EP_VENDOR_BANK"
                                                            7 rows imported
. . importing table             "EP_VENDOR_BARANG"
                                                            8 rows imported
. . importing table          "EP_VENDOR_DELISTING"
                                                            0 rows imported
. . importing table      "EP_VENDOR_DEWAN_DIREKSI"
                                                           17 rows imported
. . importing table            "EP_VENDOR_DOKUMEN"
                                                           90 rows imported
. . importing table  "EP_VENDOR_DOKUMEN_PENDUKUNG"
                                                            9 rows imported
. . importing table        "EP_VENDOR_DOKUMEN_REF"
                                                           18 rows imported
. . importing table            "EP_VENDOR_HALAMAN"
                                                            0 rows imported
. . importing table               "EP_VENDOR_HIST"
                                                            9 rows imported
. . importing table          "EP_VENDOR_HIST_AGEN"
                                                            9 rows imported
. . importing table          "EP_VENDOR_HIST_AKTA"
                                                            9 rows imported
. . importing table        "EP_VENDOR_HIST_ALAMAT"
                                                           15 rows imported
. . importing table          "EP_VENDOR_HIST_BANK"
                                                            9 rows imported
. . importing table        "EP_VENDOR_HIST_BARANG"
                                                           27 rows imported
. . importing table "EP_VENDOR_HIST_DEWAN_DIREKSI"
                                                           15 rows imported
. . importing table          "EP_VENDOR_HIST_IJIN"
                                                            9 rows imported
. . importing table "EP_VENDOR_HIST_INFORMASI_LAIN"
                                                           21 rows imported
. . importing table          "EP_VENDOR_HIST_JASA"
                                                           25 rows imported
. . importing table       "EP_VENDOR_HIST_KINERJA"
                                                            0 rows imported
. . importing table  "EP_VENDOR_HIST_LAP_KEUANGAN"
                                                            9 rows imported
. . importing table    "EP_VENDOR_HIST_PENGALAMAN"
                                                            9 rows imported
. . importing table     "EP_VENDOR_HIST_PERALATAN"
                                                            9 rows imported
. . importing table    "EP_VENDOR_HIST_SERTIFIKAT"
                                                            9 rows imported
. . importing table  "EP_VENDOR_HIST_TENAGA_KERJA"
                                                            9 rows imported
. . importing table          "EP_VENDOR_HIST_TIPE"
                                                           14 rows imported
. . importing table       "EP_VENDOR_HIST_WILAYAH"
                                                           13 rows imported
. . importing table               "EP_VENDOR_IJIN"
                                                            8 rows imported
. . importing table     "EP_VENDOR_INFORMASI_LAIN"
                                                           24 rows imported
. . importing table               "EP_VENDOR_JASA"
                                                            8 rows imported
. . importing table             "EP_VENDOR_KANTOR"
                                                            0 rows imported
. . importing table            "EP_VENDOR_KINERJA"
                                                          254 rows imported
. . importing table           "EP_VENDOR_KOMENTAR"
                                                            0 rows imported
. . importing table    "EP_VENDOR_KOMENTAR_DETAIL"
                                                            0 rows imported
. . importing table       "EP_VENDOR_LAP_KEUANGAN"
                                                            7 rows imported
. . importing table      "EP_VENDOR_NEGOSIASI_HIS"
                                                            8 rows imported
. . importing table         "EP_VENDOR_PENGALAMAN"
                                                            8 rows imported
. . importing table          "EP_VENDOR_PERALATAN"
                                                            8 rows imported
. . importing table        "EP_VENDOR_PERF_MASTER"
                                                           29 rows imported
. . importing table     "EP_VENDOR_PERF_PERMULAAN"
                                                           74 rows imported
. . importing table          "EP_VENDOR_ROUTE_DEF"
                                                            0 rows imported
. . importing table            "EP_VENDOR_ROUTING"
                                                            0 rows imported
. . importing table         "EP_VENDOR_SERTIFIKAT"
                                                            9 rows imported
. . importing table            "EP_VENDOR_SESSION"
                                                            0 rows imported
. . importing table  "EP_VENDOR_STATUS_REGISTRASI"
                                                            8 rows imported
. . importing table               "EP_VENDOR_TEMP"
                                                            1 rows imported
. . importing table          "EP_VENDOR_TEMP_AGEN"
                                                            2 rows imported
. . importing table          "EP_VENDOR_TEMP_AKTA"
                                                            1 rows imported
. . importing table        "EP_VENDOR_TEMP_ALAMAT"
                                                            2 rows imported
. . importing table          "EP_VENDOR_TEMP_BANK"
                                                            1 rows imported
. . importing table        "EP_VENDOR_TEMP_BARANG"
                                                            1 rows imported
. . importing table "EP_VENDOR_TEMP_DEWAN_DIREKSI"
                                                            2 rows imported
. . importing table          "EP_VENDOR_TEMP_IJIN"
                                                            1 rows imported
. . importing table "EP_VENDOR_TEMP_INFORMASI_LAIN"
                                                            3 rows imported
. . importing table          "EP_VENDOR_TEMP_JASA"
                                                            1 rows imported
. . importing table       "EP_VENDOR_TEMP_KINERJA"
                                                            0 rows imported
. . importing table  "EP_VENDOR_TEMP_LAP_KEUANGAN"
                                                            1 rows imported
. . importing table    "EP_VENDOR_TEMP_PENGALAMAN"
                                                            1 rows imported
. . importing table     "EP_VENDOR_TEMP_PERALATAN"
                                                            1 rows imported
. . importing table    "EP_VENDOR_TEMP_SERTIFIKAT"
                                                            1 rows imported
. . importing table  "EP_VENDOR_TEMP_TENAGA_KERJA"
                                                            1 rows imported
. . importing table          "EP_VENDOR_TEMP_TIPE"
                                                            0 rows imported
. . importing table       "EP_VENDOR_TEMP_WILAYAH"
                                                            1 rows imported
. . importing table       "EP_VENDOR_TENAGA_KERJA"
                                                           12 rows imported
. . importing table               "EP_VENDOR_TIPE"
                                                           11 rows imported
. . importing table            "EP_VENDOR_WILAYAH"
                                                            3 rows imported
. . importing table                       "EP_WKF"
                                                           14 rows imported
. . importing table             "EP_WKF_AKTIFITAS"
                                                           77 rows imported
. . importing table       "EP_WKF_AKTIFITAS_CONST"
                                                           55 rows imported
. . importing table                "EP_WKF_PROSES"
                                                           73 rows imported
. . importing table            "EP_WKF_PROSES_HIS"
                                                          368 rows imported
. . importing table           "EP_WKF_PROSES_VARS"
                                                          208 rows imported
. . importing table              "EP_WKF_TRANSISI"
                                                          104 rows imported
. . importing table        "EP_WKF_TRANSISI_CONST"
                                                           75 rows imported
. . importing table                 "GL_MATA_UANG"
                                                            5 rows imported
. . importing table                    "MS_BARANG"
                                                          131 rows imported
. . importing table                "MS_HARI_LIBUR"
                                                           84 rows imported
. . importing table                   "MS_JABATAN"
                                                          156 rows imported
. . importing table                    "MS_KANTOR"
                                                          178 rows imported
. . importing table           "MS_KELOMPOK_BARANG"
                                                           10 rows imported
. . importing table        "MS_SUBKELOMPOK_BARANG"
                                                           92 rows imported
About to enable constraints...
Import terminated successfully without warnings.
